2020-01-10 09:42:44,058 INFO [root] [base.py (__init__:11] - 正在初始化driver:<selenium.webdriver.chrome.webdriver.WebDriver (session="7d5790817201413306d225241b2f4ea1")>
2020-01-10 09:44:48,206 INFO [root] [base.py (__init__:11] - 正在初始化driver:<selenium.webdriver.chrome.webdriver.WebDriver (session="7e11fa3e5116f48c9601e072ada44c0e")>
2020-01-10 09:44:48,209 INFO [root] [base.py (base_find:16] - 正在查找元素：('css selector', "[placeholder='用户名']")
2020-01-10 09:44:48,224 INFO [root] [base.py (base_input:23] - 正在执行清空操作
2020-01-10 09:44:48,254 INFO [root] [base.py (base_input:26] - 正在给 ('css selector', "[placeholder='用户名']") 元素 执行输入操作：testid
2020-01-10 09:44:48,329 INFO [root] [base.py (base_find:16] - 正在查找元素：('css selector', "[placeholder='密码']")
2020-01-10 09:44:48,343 INFO [root] [base.py (base_input:23] - 正在执行清空操作
2020-01-10 09:44:48,367 INFO [root] [base.py (base_input:26] - 正在给 ('css selector', "[placeholder='密码']") 元素 执行输入操作：testpwd123
2020-01-10 09:44:48,426 INFO [root] [base.py (base_click:32] - 正在对 ('css selector', '#inp1') 元素 执行点击操作
2020-01-10 09:44:48,426 INFO [root] [base.py (base_find:16] - 正在查找元素：('css selector', '#inp1')
2020-01-10 09:44:48,478 INFO [root] [base.py (base_find:16] - 正在查找元素：('css selector', '.user-info>span')
2020-01-10 09:45:18,929 ERROR [root] [test03_mis_login.py (test_mis_login:35] - Message: 

2020-01-10 09:45:18,929 ERROR [root] [base.py (base_get_img:42] - 出现异常！正在截图操作
2020-01-10 09:45:19,591 ERROR [root] [base.py (__base_write_img:50] - 异常处理！正在截图写入报告
2020-01-10 09:51:03,309 INFO [root] [base.py (__init__:11] - 正在初始化driver:<selenium.webdriver.chrome.webdriver.WebDriver (session="92a68bceb1bfd74e607e2f4ad123f10e")>
2020-01-10 09:51:03,313 INFO [root] [base.py (base_find:16] - 正在查找元素：('css selector', "[placeholder='用户名']")
2020-01-10 09:51:03,335 INFO [root] [base.py (base_input:23] - 正在执行清空操作
2020-01-10 09:51:03,364 INFO [root] [base.py (base_input:26] - 正在给 ('css selector', "[placeholder='用户名']") 元素 执行输入操作：testid
2020-01-10 09:51:03,427 INFO [root] [base.py (base_find:16] - 正在查找元素：('css selector', "[placeholder='密码']")
2020-01-10 09:51:03,441 INFO [root] [base.py (base_input:23] - 正在执行清空操作
2020-01-10 09:51:03,467 INFO [root] [base.py (base_input:26] - 正在给 ('css selector', "[placeholder='密码']") 元素 执行输入操作：testpwd123
2020-01-10 09:51:03,535 INFO [root] [base.py (base_click:32] - 正在对 ('css selector', '#inp1') 元素 执行点击操作
2020-01-10 09:51:03,535 INFO [root] [base.py (base_find:16] - 正在查找元素：('css selector', '#inp1')
2020-01-10 09:51:03,596 INFO [root] [base.py (base_find:16] - 正在查找元素：('css selector', '.user-info>span')
2020-01-10 09:51:33,739 ERROR [root] [test03_mis_login.py (test_mis_login:35] - Message: 

2020-01-10 09:51:33,739 ERROR [root] [base.py (base_get_img:42] - 出现异常！正在截图操作
2020-01-10 09:51:34,149 ERROR [root] [base.py (__base_write_img:50] - 异常处理！正在截图写入报告
2020-01-10 09:53:20,674 INFO [root] [base.py (__init__:11] - 正在初始化driver:<selenium.webdriver.chrome.webdriver.WebDriver (session="32a79ed488a01eed44dae74cc58eda87")>
2020-01-10 09:53:20,677 INFO [root] [base.py (base_find:16] - 正在查找元素：('css selector', "[placeholder='用户名']")
2020-01-10 09:53:20,692 INFO [root] [base.py (base_input:23] - 正在执行清空操作
2020-01-10 09:53:20,721 INFO [root] [base.py (base_input:26] - 正在给 ('css selector', "[placeholder='用户名']") 元素 执行输入操作：testid
2020-01-10 09:53:20,797 INFO [root] [base.py (base_find:16] - 正在查找元素：('css selector', "[placeholder='密码']")
2020-01-10 09:53:20,818 INFO [root] [base.py (base_input:23] - 正在执行清空操作
2020-01-10 09:53:20,842 INFO [root] [base.py (base_input:26] - 正在给 ('css selector', "[placeholder='密码']") 元素 执行输入操作：testpwd123
2020-01-10 09:53:20,909 INFO [root] [base.py (base_click:32] - 正在对 ('css selector', '#inp1') 元素 执行点击操作
2020-01-10 09:53:20,910 INFO [root] [base.py (base_find:16] - 正在查找元素：('css selector', '#inp1')
2020-01-10 09:53:20,973 INFO [root] [base.py (base_find:16] - 正在查找元素：('css selector', '.user_info>span')
2020-01-10 09:53:21,574 INFO [root] [base.py (base_get_text:37] - 正在获取('css selector', '.user_info>span')元素文本值：欢迎 管理员
2020-01-10 09:53:21,574 INFO [root] [base.py (base_find:16] - 正在查找元素：('css selector', '.user_info>span')
2020-01-10 10:45:10,255 INFO [root] [base.py (__init__:11] - 正在初始化driver:<selenium.webdriver.chrome.webdriver.WebDriver (session="b7c33a3fd210b1b2559b28af9d6959a1")>
2020-01-10 10:45:10,257 INFO [root] [base.py (base_find:16] - 正在查找元素：('css selector', "[placeholder='用户名']")
2020-01-10 10:45:10,273 INFO [root] [base.py (base_input:23] - 正在执行清空操作
2020-01-10 10:45:10,300 INFO [root] [base.py (base_input:26] - 正在给 ('css selector', "[placeholder='用户名']") 元素 执行输入操作：testid
2020-01-10 10:45:10,378 INFO [root] [base.py (base_find:16] - 正在查找元素：('css selector', "[placeholder='密码']")
2020-01-10 10:45:10,392 INFO [root] [base.py (base_input:23] - 正在执行清空操作
2020-01-10 10:45:10,421 INFO [root] [base.py (base_input:26] - 正在给 ('css selector', "[placeholder='密码']") 元素 执行输入操作：testpwd123
2020-01-10 10:45:10,494 INFO [root] [base.py (base_click:32] - 正在对 ('css selector', '#inp1') 元素 执行点击操作
2020-01-10 10:45:10,494 INFO [root] [base.py (base_find:16] - 正在查找元素：('css selector', '#inp1')
2020-01-10 10:45:10,556 INFO [root] [base.py (base_find:16] - 正在查找元素：('css selector', '.user_info>span')
2020-01-10 10:45:11,141 INFO [root] [base.py (base_get_text:37] - 正在获取('css selector', '.user_info>span')元素文本值：欢迎 管理员
2020-01-10 10:45:11,142 INFO [root] [base.py (base_find:16] - 正在查找元素：('css selector', '.user_info>span')
2020-01-10 15:37:57,443 INFO [root] [base.py (__init__:13] - 正在初始化driver:<selenium.webdriver.chrome.webdriver.WebDriver (session="31c91bfc5cc17ce5266eb95b6b660882")>
2020-01-10 15:39:47,301 INFO [root] [base.py (__init__:13] - 正在初始化driver:<selenium.webdriver.chrome.webdriver.WebDriver (session="6dab6face3856d1d81b06a1da9d2fc84")>
2020-01-10 15:39:47,302 INFO [root] [base.py (base_find:18] - 正在查找元素：('css selector', "[placeholder='用户名']")
2020-01-10 15:39:47,319 INFO [root] [base.py (base_input:29] - 正在执行清空操作
2020-01-10 15:39:47,357 INFO [root] [base.py (base_input:32] - 正在给 ('css selector', "[placeholder='用户名']") 元素 执行输入操作：testid
2020-01-10 15:39:47,435 INFO [root] [base.py (base_find:18] - 正在查找元素：('css selector', "[placeholder='密码']")
2020-01-10 15:39:47,448 INFO [root] [base.py (base_input:29] - 正在执行清空操作
2020-01-10 15:39:47,475 INFO [root] [base.py (base_input:32] - 正在给 ('css selector', "[placeholder='密码']") 元素 执行输入操作：testpwd123
2020-01-10 15:39:47,555 INFO [root] [base.py (base_click:38] - 正在对 ('css selector', '#inp1') 元素 执行点击操作
2020-01-10 15:39:47,555 INFO [root] [base.py (base_find:18] - 正在查找元素：('css selector', '#inp1')
2020-01-10 15:39:47,622 INFO [root] [base.py (__init__:13] - 正在初始化driver:<selenium.webdriver.chrome.webdriver.WebDriver (session="6dab6face3856d1d81b06a1da9d2fc84")>
2020-01-10 15:39:47,623 INFO [root] [base.py (base_click:38] - 正在对 ('xpath', "//*[@class='menu']//*[text()='信息管理']") 元素 执行点击操作
2020-01-10 15:39:47,623 INFO [root] [base.py (base_find:18] - 正在查找元素：('xpath', "//*[@class='menu']//*[text()='信息管理']")
2020-01-10 15:39:48,269 INFO [root] [base.py (base_click:38] - 正在对 ('xpath', "//*[@class='menu']//*[text()='内容审核']") 元素 执行点击操作
2020-01-10 15:39:48,269 INFO [root] [base.py (base_find:18] - 正在查找元素：('xpath', "//*[@class='menu']//*[text()='内容审核']")
2020-01-10 15:43:28,947 INFO [root] [base.py (__init__:13] - 正在初始化driver:<selenium.webdriver.chrome.webdriver.WebDriver (session="0d908e39e3cc80a8043d639d14775d10")>
2020-01-10 15:43:28,947 INFO [root] [base.py (base_find:18] - 正在查找元素：('css selector', "[placeholder='用户名']")
2020-01-10 15:43:28,969 INFO [root] [base.py (base_input:29] - 正在执行清空操作
2020-01-10 15:43:28,998 INFO [root] [base.py (base_input:32] - 正在给 ('css selector', "[placeholder='用户名']") 元素 执行输入操作：testid
2020-01-10 15:43:29,069 INFO [root] [base.py (base_find:18] - 正在查找元素：('css selector', "[placeholder='密码']")
2020-01-10 15:43:29,082 INFO [root] [base.py (base_input:29] - 正在执行清空操作
2020-01-10 15:43:29,109 INFO [root] [base.py (base_input:32] - 正在给 ('css selector', "[placeholder='密码']") 元素 执行输入操作：testpwd123
2020-01-10 15:43:29,190 INFO [root] [base.py (base_click:38] - 正在对 ('css selector', '#inp1') 元素 执行点击操作
2020-01-10 15:43:29,190 INFO [root] [base.py (base_find:18] - 正在查找元素：('css selector', '#inp1')
2020-01-10 15:43:29,260 INFO [root] [base.py (__init__:13] - 正在初始化driver:<selenium.webdriver.chrome.webdriver.WebDriver (session="0d908e39e3cc80a8043d639d14775d10")>
2020-01-10 15:43:29,260 INFO [root] [base.py (base_click:38] - 正在对 ('xpath', "//*[@class='menu']//*[text()='信息管理']") 元素 执行点击操作
2020-01-10 15:43:29,261 INFO [root] [base.py (base_find:18] - 正在查找元素：('xpath', "//*[@class='menu']//*[text()='信息管理']")
2020-01-10 15:43:29,860 INFO [root] [base.py (base_click:38] - 正在对 ('xpath', "//*[@class='menu']//*[text()= '内容审核']") 元素 执行点击操作
2020-01-10 15:43:29,860 INFO [root] [base.py (base_find:18] - 正在查找元素：('xpath', "//*[@class='menu']//*[text()= '内容审核']")
2020-01-10 15:50:06,119 INFO [root] [base.py (__init__:13] - 正在初始化driver:<selenium.webdriver.chrome.webdriver.WebDriver (session="ce782380171c296480ee18a6b5812df2")>
2020-01-10 15:50:06,120 INFO [root] [base.py (base_find:18] - 正在查找元素：('css selector', "[placeholder='用户名']")
2020-01-10 15:50:06,140 INFO [root] [base.py (base_input:29] - 正在执行清空操作
2020-01-10 15:50:06,174 INFO [root] [base.py (base_input:32] - 正在给 ('css selector', "[placeholder='用户名']") 元素 执行输入操作：testid
2020-01-10 15:50:06,238 INFO [root] [base.py (base_find:18] - 正在查找元素：('css selector', "[placeholder='密码']")
2020-01-10 15:50:06,250 INFO [root] [base.py (base_input:29] - 正在执行清空操作
2020-01-10 15:50:06,275 INFO [root] [base.py (base_input:32] - 正在给 ('css selector', "[placeholder='密码']") 元素 执行输入操作：testpwd123
2020-01-10 15:50:06,349 INFO [root] [base.py (base_click:38] - 正在对 ('css selector', '#inp1') 元素 执行点击操作
2020-01-10 15:50:06,350 INFO [root] [base.py (base_find:18] - 正在查找元素：('css selector', '#inp1')
2020-01-10 15:50:06,420 INFO [root] [base.py (__init__:13] - 正在初始化driver:<selenium.webdriver.chrome.webdriver.WebDriver (session="ce782380171c296480ee18a6b5812df2")>
2020-01-10 15:50:06,420 INFO [root] [base.py (base_click:38] - 正在对 ('xpath', "//*[@class='menu']//*[text()='信息管理']") 元素 执行点击操作
2020-01-10 15:50:06,420 INFO [root] [base.py (base_find:18] - 正在查找元素：('xpath', "//*[@class='menu']//*[text()='信息管理']")
2020-01-10 15:50:07,026 INFO [root] [base.py (base_click:38] - 正在对 ('xpath', "//*[@class='menu']//*[text()= '内容审核']") 元素 执行点击操作
2020-01-10 15:50:07,026 INFO [root] [base.py (base_find:18] - 正在查找元素：('xpath', "//*[@class='menu']//*[text()= '内容审核']")
2020-01-10 15:55:37,312 INFO [root] [base.py (__init__:13] - 正在初始化driver:<selenium.webdriver.chrome.webdriver.WebDriver (session="ff085131ba76d6270b2b300ac6d8b2ff")>
2020-01-10 15:55:37,312 INFO [root] [base.py (base_find:18] - 正在查找元素：('css selector', "[placeholder='用户名']")
2020-01-10 15:55:37,333 INFO [root] [base.py (base_input:29] - 正在执行清空操作
2020-01-10 15:55:37,363 INFO [root] [base.py (base_input:32] - 正在给 ('css selector', "[placeholder='用户名']") 元素 执行输入操作：testid
2020-01-10 15:55:37,430 INFO [root] [base.py (base_find:18] - 正在查找元素：('css selector', "[placeholder='密码']")
2020-01-10 15:55:37,448 INFO [root] [base.py (base_input:29] - 正在执行清空操作
2020-01-10 15:55:37,473 INFO [root] [base.py (base_input:32] - 正在给 ('css selector', "[placeholder='密码']") 元素 执行输入操作：testpwd123
2020-01-10 15:55:37,543 INFO [root] [base.py (base_click:38] - 正在对 ('css selector', '#inp1') 元素 执行点击操作
2020-01-10 15:55:37,543 INFO [root] [base.py (base_find:18] - 正在查找元素：('css selector', '#inp1')
2020-01-10 15:55:37,618 INFO [root] [base.py (__init__:13] - 正在初始化driver:<selenium.webdriver.chrome.webdriver.WebDriver (session="ff085131ba76d6270b2b300ac6d8b2ff")>
2020-01-10 15:55:37,618 INFO [root] [base.py (base_click:38] - 正在对 ('xpath', "//*[@class='menu']//*[text()='信息管理']") 元素 执行点击操作
2020-01-10 15:55:37,619 INFO [root] [base.py (base_find:18] - 正在查找元素：('xpath', "//*[@class='menu']//*[text()='信息管理']")
2020-01-10 15:55:40,271 INFO [root] [base.py (base_click:38] - 正在对 ('xpath', "//*[@class='menu']//*[text()= '内容审核']") 元素 执行点击操作
2020-01-10 15:55:40,271 INFO [root] [base.py (base_find:18] - 正在查找元素：('xpath', "//*[@class='menu']//*[text()= '内容审核']")
2020-01-10 15:55:40,423 INFO [root] [base.py (base_find:18] - 正在查找元素：('css selector', "[placeholder='请输入: 文章名称']")
2020-01-10 15:55:40,442 INFO [root] [base.py (base_input:29] - 正在执行清空操作
2020-01-10 15:55:40,465 INFO [root] [base.py (base_input:32] - 正在给 ('css selector', "[placeholder='请输入: 文章名称']") 元素 执行输入操作：bj-test17-003
2020-01-10 15:55:40,617 INFO [root] [base.py (base_find:18] - 正在查找元素：('css selector', "[placeholder='请输入: 频道']")
2020-01-10 15:55:40,631 INFO [root] [base.py (base_input:29] - 正在执行清空操作
2020-01-10 15:55:40,658 INFO [root] [base.py (base_input:32] - 正在给 ('css selector', "[placeholder='请输入: 频道']") 元素 执行输入操作：数据库
2020-01-10 15:55:40,720 INFO [root] [base.py (base_click:38] - 正在对 ('xpath', "//*[@placeholder='请选择状态']") 元素 执行点击操作
2020-01-10 15:55:40,720 INFO [root] [base.py (base_find:18] - 正在查找元素：('xpath', "//*[@placeholder='请选择状态']")
2020-01-10 15:55:40,814 INFO [root] [base.py (base_finds:22] - 正在查找元素：('css selector', 'ul>li')
2020-01-10 15:55:40,916 INFO [root] [base.py (base_finds:22] - 正在查找元素：('css selector', 'ul>li')
2020-01-10 15:58:19,136 INFO [root] [base.py (__init__:13] - 正在初始化driver:<selenium.webdriver.chrome.webdriver.WebDriver (session="916c9ad6c3b16ff71ade62c930edc549")>
2020-01-10 15:58:19,137 INFO [root] [base.py (base_find:18] - 正在查找元素：('css selector', "[placeholder='用户名']")
2020-01-10 15:58:19,155 INFO [root] [base.py (base_input:29] - 正在执行清空操作
2020-01-10 15:58:19,184 INFO [root] [base.py (base_input:32] - 正在给 ('css selector', "[placeholder='用户名']") 元素 执行输入操作：testid
2020-01-10 15:58:19,243 INFO [root] [base.py (base_find:18] - 正在查找元素：('css selector', "[placeholder='密码']")
2020-01-10 15:58:19,258 INFO [root] [base.py (base_input:29] - 正在执行清空操作
2020-01-10 15:58:19,286 INFO [root] [base.py (base_input:32] - 正在给 ('css selector', "[placeholder='密码']") 元素 执行输入操作：testpwd123
2020-01-10 15:58:19,352 INFO [root] [base.py (base_click:38] - 正在对 ('css selector', '#inp1') 元素 执行点击操作
2020-01-10 15:58:19,352 INFO [root] [base.py (base_find:18] - 正在查找元素：('css selector', '#inp1')
2020-01-10 15:58:19,424 INFO [root] [base.py (__init__:13] - 正在初始化driver:<selenium.webdriver.chrome.webdriver.WebDriver (session="916c9ad6c3b16ff71ade62c930edc549")>
2020-01-10 15:58:19,425 INFO [root] [base.py (base_click:38] - 正在对 ('xpath', "//*[@class='menu']//*[text()='信息管理']") 元素 执行点击操作
2020-01-10 15:58:19,425 INFO [root] [base.py (base_find:18] - 正在查找元素：('xpath', "//*[@class='menu']//*[text()='信息管理']")
2020-01-10 15:58:22,125 INFO [root] [base.py (base_click:38] - 正在对 ('xpath', "//*[@class='menu']//*[text()= '内容审核']") 元素 执行点击操作
2020-01-10 15:58:22,125 INFO [root] [base.py (base_find:18] - 正在查找元素：('xpath', "//*[@class='menu']//*[text()= '内容审核']")
2020-01-10 15:58:22,275 INFO [root] [base.py (base_find:18] - 正在查找元素：('css selector', "[placeholder='请输入: 文章名称']")
2020-01-10 15:58:22,294 INFO [root] [base.py (base_input:29] - 正在执行清空操作
2020-01-10 15:58:22,320 INFO [root] [base.py (base_input:32] - 正在给 ('css selector', "[placeholder='请输入: 文章名称']") 元素 执行输入操作：bj-test17-003
2020-01-10 15:58:22,471 INFO [root] [base.py (base_find:18] - 正在查找元素：('css selector', "[placeholder='请输入: 频道']")
2020-01-10 15:58:22,486 INFO [root] [base.py (base_input:29] - 正在执行清空操作
2020-01-10 15:58:22,510 INFO [root] [base.py (base_input:32] - 正在给 ('css selector', "[placeholder='请输入: 频道']") 元素 执行输入操作：数据库
2020-01-10 15:58:22,571 INFO [root] [base.py (base_click:38] - 正在对 ('xpath', "//*[@placeholder='请选择状态']") 元素 执行点击操作
2020-01-10 15:58:22,571 INFO [root] [base.py (base_find:18] - 正在查找元素：('xpath', "//*[@placeholder='请选择状态']")
2020-01-10 15:58:24,715 INFO [root] [base.py (base_finds:22] - 正在查找元素：('css selector', 'ul>li')
2020-01-10 16:02:26,331 INFO [root] [base.py (__init__:13] - 正在初始化driver:<selenium.webdriver.chrome.webdriver.WebDriver (session="6b9a5e5b3c0d7b625c6c72b09ce7cfc0")>
2020-01-10 16:02:26,332 INFO [root] [base.py (base_find:18] - 正在查找元素：('css selector', "[placeholder='用户名']")
2020-01-10 16:02:26,359 INFO [root] [base.py (base_input:29] - 正在执行清空操作
2020-01-10 16:02:26,387 INFO [root] [base.py (base_input:32] - 正在给 ('css selector', "[placeholder='用户名']") 元素 执行输入操作：testid
2020-01-10 16:02:26,449 INFO [root] [base.py (base_find:18] - 正在查找元素：('css selector', "[placeholder='密码']")
2020-01-10 16:02:26,462 INFO [root] [base.py (base_input:29] - 正在执行清空操作
2020-01-10 16:02:26,487 INFO [root] [base.py (base_input:32] - 正在给 ('css selector', "[placeholder='密码']") 元素 执行输入操作：testpwd123
2020-01-10 16:02:26,556 INFO [root] [base.py (base_click:38] - 正在对 ('css selector', '#inp1') 元素 执行点击操作
2020-01-10 16:02:26,556 INFO [root] [base.py (base_find:18] - 正在查找元素：('css selector', '#inp1')
2020-01-10 16:02:26,625 INFO [root] [base.py (__init__:13] - 正在初始化driver:<selenium.webdriver.chrome.webdriver.WebDriver (session="6b9a5e5b3c0d7b625c6c72b09ce7cfc0")>
2020-01-10 16:02:28,627 INFO [root] [base.py (base_click:38] - 正在对 ('xpath', "//*[@class='menu']//*[text()='信息管理']") 元素 执行点击操作
2020-01-10 16:02:28,627 INFO [root] [base.py (base_find:18] - 正在查找元素：('xpath', "//*[@class='menu']//*[text()='信息管理']")
2020-01-10 16:02:30,705 INFO [root] [base.py (base_click:38] - 正在对 ('xpath', "//*[@class='menu']//*[text()= '内容审核']") 元素 执行点击操作
2020-01-10 16:02:30,705 INFO [root] [base.py (base_find:18] - 正在查找元素：('xpath', "//*[@class='menu']//*[text()= '内容审核']")
2020-01-10 16:02:32,853 INFO [root] [base.py (base_find:18] - 正在查找元素：('css selector', "[placeholder='请输入: 文章名称']")
2020-01-10 16:02:32,866 INFO [root] [base.py (base_input:29] - 正在执行清空操作
2020-01-10 16:02:32,891 INFO [root] [base.py (base_input:32] - 正在给 ('css selector', "[placeholder='请输入: 文章名称']") 元素 执行输入操作：bj-test17-003
2020-01-10 16:02:35,035 INFO [root] [base.py (base_find:18] - 正在查找元素：('css selector', "[placeholder='请输入: 频道']")
2020-01-10 16:02:35,048 INFO [root] [base.py (base_input:29] - 正在执行清空操作
2020-01-10 16:02:35,074 INFO [root] [base.py (base_input:32] - 正在给 ('css selector', "[placeholder='请输入: 频道']") 元素 执行输入操作：数据库
2020-01-10 16:02:37,137 INFO [root] [base.py (base_click:38] - 正在对 ('xpath', "//*[@placeholder='请选择状态']") 元素 执行点击操作
2020-01-10 16:02:37,137 INFO [root] [base.py (base_find:18] - 正在查找元素：('xpath', "//*[@placeholder='请选择状态']")
2020-01-10 16:02:39,214 INFO [root] [base.py (base_finds:22] - 正在查找元素：('css selector', 'ul>li')
2020-01-10 16:05:01,239 INFO [root] [base.py (__init__:13] - 正在初始化driver:<selenium.webdriver.chrome.webdriver.WebDriver (session="07e21a4b3b6b1c9f87aebdd5c1515b0e")>
2020-01-10 16:05:01,239 INFO [root] [base.py (base_find:18] - 正在查找元素：('css selector', "[placeholder='用户名']")
2020-01-10 16:05:01,262 INFO [root] [base.py (base_input:29] - 正在执行清空操作
2020-01-10 16:05:01,288 INFO [root] [base.py (base_input:32] - 正在给 ('css selector', "[placeholder='用户名']") 元素 执行输入操作：testid
2020-01-10 16:05:01,355 INFO [root] [base.py (base_find:18] - 正在查找元素：('css selector', "[placeholder='密码']")
2020-01-10 16:05:01,373 INFO [root] [base.py (base_input:29] - 正在执行清空操作
2020-01-10 16:05:01,397 INFO [root] [base.py (base_input:32] - 正在给 ('css selector', "[placeholder='密码']") 元素 执行输入操作：testpwd123
2020-01-10 16:05:01,463 INFO [root] [base.py (base_click:38] - 正在对 ('css selector', '#inp1') 元素 执行点击操作
2020-01-10 16:05:01,463 INFO [root] [base.py (base_find:18] - 正在查找元素：('css selector', '#inp1')
2020-01-10 16:05:01,534 INFO [root] [base.py (__init__:13] - 正在初始化driver:<selenium.webdriver.chrome.webdriver.WebDriver (session="07e21a4b3b6b1c9f87aebdd5c1515b0e")>
2020-01-10 16:05:03,535 INFO [root] [base.py (base_click:38] - 正在对 ('xpath', "//*[@class='menu']//*[text()='信息管理']") 元素 执行点击操作
2020-01-10 16:05:03,535 INFO [root] [base.py (base_find:18] - 正在查找元素：('xpath', "//*[@class='menu']//*[text()='信息管理']")
2020-01-10 16:05:05,610 INFO [root] [base.py (base_click:38] - 正在对 ('xpath', "//*[@class='menu']//*[text()= '内容审核']") 元素 执行点击操作
2020-01-10 16:05:05,610 INFO [root] [base.py (base_find:18] - 正在查找元素：('xpath', "//*[@class='menu']//*[text()= '内容审核']")
2020-01-10 16:05:07,760 INFO [root] [base.py (base_find:18] - 正在查找元素：('css selector', "[placeholder='请输入: 文章名称']")
2020-01-10 16:05:07,775 INFO [root] [base.py (base_input:29] - 正在执行清空操作
2020-01-10 16:05:07,802 INFO [root] [base.py (base_input:32] - 正在给 ('css selector', "[placeholder='请输入: 文章名称']") 元素 执行输入操作：bj-test17-003
2020-01-10 16:05:09,950 INFO [root] [base.py (base_find:18] - 正在查找元素：('css selector', "[placeholder='请输入: 频道']")
2020-01-10 16:05:09,964 INFO [root] [base.py (base_input:29] - 正在执行清空操作
2020-01-10 16:05:09,989 INFO [root] [base.py (base_input:32] - 正在给 ('css selector', "[placeholder='请输入: 频道']") 元素 执行输入操作：数据库
2020-01-10 16:05:12,048 INFO [root] [base.py (base_click:38] - 正在对 ('xpath', "//*[@placeholder='请选择状态']") 元素 执行点击操作
2020-01-10 16:05:12,048 INFO [root] [base.py (base_find:18] - 正在查找元素：('xpath', "//*[@placeholder='请选择状态']")
2020-01-10 16:05:14,122 INFO [root] [base.py (base_finds:22] - 正在查找元素：('css selector', 'ul>li')
2020-01-10 16:05:16,721 INFO [root] [base.py (base_click:38] - 正在对 ('css selector', '.find') 元素 执行点击操作
2020-01-10 16:05:16,721 INFO [root] [base.py (base_find:18] - 正在查找元素：('css selector', '.find')
2020-01-10 16:05:18,779 INFO [root] [base.py (base_click:38] - 正在对 ('xpath', "//*[text()='通过']/..") 元素 执行点击操作
2020-01-10 16:05:18,779 INFO [root] [base.py (base_find:18] - 正在查找元素：('xpath', "//*[text()='通过']/..")
2020-01-10 16:07:45,290 INFO [root] [base.py (__init__:13] - 正在初始化driver:<selenium.webdriver.chrome.webdriver.WebDriver (session="8f865e4abf675ac08e887957a762fa7d")>
2020-01-10 16:07:45,290 INFO [root] [base.py (base_find:18] - 正在查找元素：('css selector', "[placeholder='用户名']")
2020-01-10 16:07:45,306 INFO [root] [base.py (base_input:29] - 正在执行清空操作
2020-01-10 16:07:45,333 INFO [root] [base.py (base_input:32] - 正在给 ('css selector', "[placeholder='用户名']") 元素 执行输入操作：testid
2020-01-10 16:07:45,400 INFO [root] [base.py (base_find:18] - 正在查找元素：('css selector', "[placeholder='密码']")
2020-01-10 16:07:45,425 INFO [root] [base.py (base_input:29] - 正在执行清空操作
2020-01-10 16:07:45,450 INFO [root] [base.py (base_input:32] - 正在给 ('css selector', "[placeholder='密码']") 元素 执行输入操作：testpwd123
2020-01-10 16:07:45,524 INFO [root] [base.py (base_click:38] - 正在对 ('css selector', '#inp1') 元素 执行点击操作
2020-01-10 16:07:45,524 INFO [root] [base.py (base_find:18] - 正在查找元素：('css selector', '#inp1')
2020-01-10 16:07:45,587 INFO [root] [base.py (__init__:13] - 正在初始化driver:<selenium.webdriver.chrome.webdriver.WebDriver (session="8f865e4abf675ac08e887957a762fa7d")>
2020-01-10 16:07:47,588 INFO [root] [base.py (base_click:38] - 正在对 ('xpath', "//*[@class='menu']//*[text()='信息管理']") 元素 执行点击操作
2020-01-10 16:07:47,588 INFO [root] [base.py (base_find:18] - 正在查找元素：('xpath', "//*[@class='menu']//*[text()='信息管理']")
2020-01-10 16:07:49,668 INFO [root] [base.py (base_click:38] - 正在对 ('xpath', "//*[@class='menu']//*[text()= '内容审核']") 元素 执行点击操作
2020-01-10 16:07:49,668 INFO [root] [base.py (base_find:18] - 正在查找元素：('xpath', "//*[@class='menu']//*[text()= '内容审核']")
2020-01-10 16:07:51,812 INFO [root] [base.py (base_find:18] - 正在查找元素：('css selector', "[placeholder='请输入: 文章名称']")
2020-01-10 16:07:51,827 INFO [root] [base.py (base_input:29] - 正在执行清空操作
2020-01-10 16:07:51,853 INFO [root] [base.py (base_input:32] - 正在给 ('css selector', "[placeholder='请输入: 文章名称']") 元素 执行输入操作：bj-test17-003
2020-01-10 16:07:53,999 INFO [root] [base.py (base_find:18] - 正在查找元素：('css selector', "[placeholder='请输入: 频道']")
2020-01-10 16:07:54,013 INFO [root] [base.py (base_input:29] - 正在执行清空操作
2020-01-10 16:07:54,038 INFO [root] [base.py (base_input:32] - 正在给 ('css selector', "[placeholder='请输入: 频道']") 元素 执行输入操作：数据库
2020-01-10 16:07:56,098 INFO [root] [base.py (base_click:38] - 正在对 ('xpath', "//*[@placeholder='请选择状态']") 元素 执行点击操作
2020-01-10 16:07:56,098 INFO [root] [base.py (base_find:18] - 正在查找元素：('xpath', "//*[@placeholder='请选择状态']")
2020-01-10 16:07:58,186 INFO [root] [base.py (base_finds:22] - 正在查找元素：('css selector', 'ul>li')
2020-01-10 16:08:00,814 INFO [root] [base.py (base_click:38] - 正在对 ('css selector', '.find') 元素 执行点击操作
2020-01-10 16:08:00,814 INFO [root] [base.py (base_find:18] - 正在查找元素：('css selector', '.find')
2020-01-10 16:08:02,869 INFO [root] [base.py (base_click:38] - 正在对 ('xpath', "//*[text()='通过']/..") 元素 执行点击操作
2020-01-10 16:08:02,869 INFO [root] [base.py (base_find:18] - 正在查找元素：('xpath', "//*[text()='通过']/..")
2020-01-10 16:09:54,344 INFO [root] [base.py (__init__:13] - 正在初始化driver:<selenium.webdriver.chrome.webdriver.WebDriver (session="80fae121808f83b19837bc01efb2e923")>
2020-01-10 16:09:54,344 INFO [root] [base.py (base_find:18] - 正在查找元素：('css selector', "[placeholder='用户名']")
2020-01-10 16:09:54,362 INFO [root] [base.py (base_input:29] - 正在执行清空操作
2020-01-10 16:09:54,388 INFO [root] [base.py (base_input:32] - 正在给 ('css selector', "[placeholder='用户名']") 元素 执行输入操作：testid
2020-01-10 16:09:54,464 INFO [root] [base.py (base_find:18] - 正在查找元素：('css selector', "[placeholder='密码']")
2020-01-10 16:09:54,478 INFO [root] [base.py (base_input:29] - 正在执行清空操作
2020-01-10 16:09:54,503 INFO [root] [base.py (base_input:32] - 正在给 ('css selector', "[placeholder='密码']") 元素 执行输入操作：testpwd123
2020-01-10 16:09:54,577 INFO [root] [base.py (base_click:38] - 正在对 ('css selector', '#inp1') 元素 执行点击操作
2020-01-10 16:09:54,577 INFO [root] [base.py (base_find:18] - 正在查找元素：('css selector', '#inp1')
2020-01-10 16:09:54,649 INFO [root] [base.py (__init__:13] - 正在初始化driver:<selenium.webdriver.chrome.webdriver.WebDriver (session="80fae121808f83b19837bc01efb2e923")>
2020-01-10 16:09:56,649 INFO [root] [base.py (base_click:38] - 正在对 ('xpath', "//*[@class='menu']//*[text()='信息管理']") 元素 执行点击操作
2020-01-10 16:09:56,649 INFO [root] [base.py (base_find:18] - 正在查找元素：('xpath', "//*[@class='menu']//*[text()='信息管理']")
2020-01-10 16:09:58,739 INFO [root] [base.py (base_click:38] - 正在对 ('xpath', "//*[@class='menu']//*[text()= '内容审核']") 元素 执行点击操作
2020-01-10 16:09:58,739 INFO [root] [base.py (base_find:18] - 正在查找元素：('xpath', "//*[@class='menu']//*[text()= '内容审核']")
2020-01-10 16:10:00,874 INFO [root] [base.py (base_find:18] - 正在查找元素：('css selector', "[placeholder='请输入: 文章名称']")
2020-01-10 16:10:00,891 INFO [root] [base.py (base_input:29] - 正在执行清空操作
2020-01-10 16:10:00,925 INFO [root] [base.py (base_input:32] - 正在给 ('css selector', "[placeholder='请输入: 文章名称']") 元素 执行输入操作：bj-test17-003
2020-01-10 16:10:03,118 INFO [root] [base.py (base_find:18] - 正在查找元素：('css selector', "[placeholder='请输入: 频道']")
2020-01-10 16:10:03,138 INFO [root] [base.py (base_input:29] - 正在执行清空操作
2020-01-10 16:10:03,169 INFO [root] [base.py (base_input:32] - 正在给 ('css selector', "[placeholder='请输入: 频道']") 元素 执行输入操作：数据库
2020-01-10 16:10:05,253 INFO [root] [base.py (base_click:38] - 正在对 ('xpath', "//*[@placeholder='请选择状态']") 元素 执行点击操作
2020-01-10 16:10:05,253 INFO [root] [base.py (base_find:18] - 正在查找元素：('xpath', "//*[@placeholder='请选择状态']")
2020-01-10 16:10:07,329 INFO [root] [base.py (base_finds:22] - 正在查找元素：('css selector', 'ul>li')
2020-01-10 16:10:09,938 INFO [root] [base.py (base_click:38] - 正在对 ('css selector', '.find') 元素 执行点击操作
2020-01-10 16:10:09,938 INFO [root] [base.py (base_find:18] - 正在查找元素：('css selector', '.find')
2020-01-10 16:10:11,997 INFO [root] [base.py (base_click:38] - 正在对 ('xpath', "//*[text()='通过']/..") 元素 执行点击操作
2020-01-10 16:10:11,997 INFO [root] [base.py (base_find:18] - 正在查找元素：('xpath', "//*[text()='通过']/..")
2020-01-10 16:10:14,100 INFO [root] [base.py (base_click:38] - 正在对 ('css selector', '.el-button--primary') 元素 执行点击操作
2020-01-10 16:10:14,100 INFO [root] [base.py (base_find:18] - 正在查找元素：('css selector', '.el-button--primary')
2020-01-10 17:15:13,502 INFO [root] [base.py (__init__:13] - 正在初始化driver:<selenium.webdriver.chrome.webdriver.WebDriver (session="2dd54897e7ec6ee6d58748e73cf52da0")>
2020-01-10 17:15:13,503 INFO [root] [base.py (base_find:18] - 正在查找元素：('css selector', "[placeholder='用户名']")
2020-01-10 17:15:13,516 INFO [root] [base.py (base_input:29] - 正在执行清空操作
2020-01-10 17:15:13,544 INFO [root] [base.py (base_input:32] - 正在给 ('css selector', "[placeholder='用户名']") 元素 执行输入操作：testid
2020-01-10 17:15:13,618 INFO [root] [base.py (base_find:18] - 正在查找元素：('css selector', "[placeholder='密码']")
2020-01-10 17:15:13,632 INFO [root] [base.py (base_input:29] - 正在执行清空操作
2020-01-10 17:15:13,659 INFO [root] [base.py (base_input:32] - 正在给 ('css selector', "[placeholder='密码']") 元素 执行输入操作：testpwd123
2020-01-10 17:15:13,729 INFO [root] [base.py (base_click:38] - 正在对 ('css selector', '#inp1') 元素 执行点击操作
2020-01-10 17:15:13,729 INFO [root] [base.py (base_find:18] - 正在查找元素：('css selector', '#inp1')
2020-01-10 17:15:13,800 INFO [root] [base.py (__init__:13] - 正在初始化driver:<selenium.webdriver.chrome.webdriver.WebDriver (session="2dd54897e7ec6ee6d58748e73cf52da0")>
2020-01-10 17:15:15,802 INFO [root] [base.py (base_click:38] - 正在对 ('xpath', "//*[@class='menu']//*[text()='信息管理']") 元素 执行点击操作
2020-01-10 17:15:15,802 INFO [root] [base.py (base_find:18] - 正在查找元素：('xpath', "//*[@class='menu']//*[text()='信息管理']")
2020-01-10 17:15:17,901 INFO [root] [base.py (base_click:38] - 正在对 ('xpath', "//*[@class='menu']//*[text()= '内容审核']") 元素 执行点击操作
2020-01-10 17:15:17,901 INFO [root] [base.py (base_find:18] - 正在查找元素：('xpath', "//*[@class='menu']//*[text()= '内容审核']")
2020-01-10 17:15:18,052 INFO [root] [base.py (base_find:18] - 正在查找元素：('css selector', "[placeholder='请输入: 文章名称']")
2020-01-10 17:15:18,067 INFO [root] [base.py (base_input:29] - 正在执行清空操作
2020-01-10 17:15:18,092 INFO [root] [base.py (base_input:32] - 正在给 ('css selector', "[placeholder='请输入: 文章名称']") 元素 执行输入操作：bj-test17-003
2020-01-10 17:15:18,239 INFO [root] [base.py (base_find:18] - 正在查找元素：('css selector', "[placeholder='请输入: 频道']")
2020-01-10 17:15:18,251 INFO [root] [base.py (base_input:29] - 正在执行清空操作
2020-01-10 17:15:18,277 INFO [root] [base.py (base_input:32] - 正在给 ('css selector', "[placeholder='请输入: 频道']") 元素 执行输入操作：数据库
2020-01-10 17:15:18,337 INFO [root] [base.py (base_click:38] - 正在对 ('xpath', "//*[@placeholder='请选择状态']") 元素 执行点击操作
2020-01-10 17:15:18,337 INFO [root] [base.py (base_find:18] - 正在查找元素：('xpath', "//*[@placeholder='请选择状态']")
2020-01-10 17:15:20,431 INFO [root] [base.py (base_finds:22] - 正在查找元素：('css selector', 'ul>li')
2020-01-10 17:15:21,020 INFO [root] [base.py (base_click:38] - 正在对 ('css selector', '.find') 元素 执行点击操作
2020-01-10 17:15:21,021 INFO [root] [base.py (base_find:18] - 正在查找元素：('css selector', '.find')
2020-01-10 17:15:24,100 INFO [root] [base.py (base_find:18] - 正在查找元素：('css selector', '.cell>span')
2020-01-10 17:17:01,582 INFO [root] [base.py (__init__:13] - 正在初始化driver:<selenium.webdriver.chrome.webdriver.WebDriver (session="2031b69809de864bedc84054bf7579a7")>
2020-01-10 17:17:01,582 INFO [root] [base.py (base_find:18] - 正在查找元素：('css selector', "[placeholder='用户名']")
2020-01-10 17:17:01,598 INFO [root] [base.py (base_input:29] - 正在执行清空操作
2020-01-10 17:17:01,623 INFO [root] [base.py (base_input:32] - 正在给 ('css selector', "[placeholder='用户名']") 元素 执行输入操作：testid
2020-01-10 17:17:01,693 INFO [root] [base.py (base_find:18] - 正在查找元素：('css selector', "[placeholder='密码']")
2020-01-10 17:17:01,709 INFO [root] [base.py (base_input:29] - 正在执行清空操作
2020-01-10 17:17:01,735 INFO [root] [base.py (base_input:32] - 正在给 ('css selector', "[placeholder='密码']") 元素 执行输入操作：testpwd123
2020-01-10 17:17:01,807 INFO [root] [base.py (base_click:38] - 正在对 ('css selector', '#inp1') 元素 执行点击操作
2020-01-10 17:17:01,807 INFO [root] [base.py (base_find:18] - 正在查找元素：('css selector', '#inp1')
2020-01-10 17:17:01,879 INFO [root] [base.py (__init__:13] - 正在初始化driver:<selenium.webdriver.chrome.webdriver.WebDriver (session="2031b69809de864bedc84054bf7579a7")>
2020-01-10 17:17:03,880 INFO [root] [base.py (base_click:38] - 正在对 ('xpath', "//*[@class='menu']//*[text()='信息管理']") 元素 执行点击操作
2020-01-10 17:17:03,880 INFO [root] [base.py (base_find:18] - 正在查找元素：('xpath', "//*[@class='menu']//*[text()='信息管理']")
2020-01-10 17:17:05,971 INFO [root] [base.py (base_click:38] - 正在对 ('xpath', "//*[@class='menu']//*[text()= '内容审核']") 元素 执行点击操作
2020-01-10 17:17:05,971 INFO [root] [base.py (base_find:18] - 正在查找元素：('xpath', "//*[@class='menu']//*[text()= '内容审核']")
2020-01-10 17:17:06,102 INFO [root] [base.py (base_find:18] - 正在查找元素：('css selector', "[placeholder='请输入: 文章名称']")
2020-01-10 17:17:06,120 INFO [root] [base.py (base_input:29] - 正在执行清空操作
2020-01-10 17:17:06,144 INFO [root] [base.py (base_input:32] - 正在给 ('css selector', "[placeholder='请输入: 文章名称']") 元素 执行输入操作：bj-test17-003
2020-01-10 17:17:06,315 INFO [root] [base.py (base_find:18] - 正在查找元素：('css selector', "[placeholder='请输入: 频道']")
2020-01-10 17:17:06,328 INFO [root] [base.py (base_input:29] - 正在执行清空操作
2020-01-10 17:17:06,357 INFO [root] [base.py (base_input:32] - 正在给 ('css selector', "[placeholder='请输入: 频道']") 元素 执行输入操作：数据库
2020-01-10 17:17:06,419 INFO [root] [base.py (base_click:38] - 正在对 ('xpath', "//*[@placeholder='请选择状态']") 元素 执行点击操作
2020-01-10 17:17:06,419 INFO [root] [base.py (base_find:18] - 正在查找元素：('xpath', "//*[@placeholder='请选择状态']")
2020-01-10 17:17:08,512 INFO [root] [base.py (base_finds:22] - 正在查找元素：('css selector', 'ul>li')
2020-01-10 17:17:09,098 INFO [root] [base.py (base_click:38] - 正在对 ('css selector', '.find') 元素 执行点击操作
2020-01-10 17:17:09,098 INFO [root] [base.py (base_find:18] - 正在查找元素：('css selector', '.find')
2020-01-10 17:17:12,175 INFO [root] [base.py (base_find:18] - 正在查找元素：('css selector', '.cell>span')
2020-01-10 17:19:12,276 INFO [root] [base.py (__init__:13] - 正在初始化driver:<selenium.webdriver.chrome.webdriver.WebDriver (session="1b0ad62bd90a3a339f036a251a7db15f")>
2020-01-10 17:19:12,276 INFO [root] [base.py (base_find:18] - 正在查找元素：('css selector', "[placeholder='用户名']")
2020-01-10 17:19:12,299 INFO [root] [base.py (base_input:29] - 正在执行清空操作
2020-01-10 17:19:12,329 INFO [root] [base.py (base_input:32] - 正在给 ('css selector', "[placeholder='用户名']") 元素 执行输入操作：testid
2020-01-10 17:19:12,419 INFO [root] [base.py (base_find:18] - 正在查找元素：('css selector', "[placeholder='密码']")
2020-01-10 17:19:12,434 INFO [root] [base.py (base_input:29] - 正在执行清空操作
2020-01-10 17:19:12,458 INFO [root] [base.py (base_input:32] - 正在给 ('css selector', "[placeholder='密码']") 元素 执行输入操作：testpwd123
2020-01-10 17:19:12,537 INFO [root] [base.py (base_click:38] - 正在对 ('css selector', '#inp1') 元素 执行点击操作
2020-01-10 17:19:12,537 INFO [root] [base.py (base_find:18] - 正在查找元素：('css selector', '#inp1')
2020-01-10 17:19:12,604 INFO [root] [base.py (__init__:13] - 正在初始化driver:<selenium.webdriver.chrome.webdriver.WebDriver (session="1b0ad62bd90a3a339f036a251a7db15f")>
2020-01-10 17:19:14,605 INFO [root] [base.py (base_click:38] - 正在对 ('xpath', "//*[@class='menu']//*[text()='信息管理']") 元素 执行点击操作
2020-01-10 17:19:14,605 INFO [root] [base.py (base_find:18] - 正在查找元素：('xpath', "//*[@class='menu']//*[text()='信息管理']")
2020-01-10 17:19:16,686 INFO [root] [base.py (base_click:38] - 正在对 ('xpath', "//*[@class='menu']//*[text()= '内容审核']") 元素 执行点击操作
2020-01-10 17:19:16,686 INFO [root] [base.py (base_find:18] - 正在查找元素：('xpath', "//*[@class='menu']//*[text()= '内容审核']")
2020-01-10 17:19:16,894 INFO [root] [base.py (base_find:18] - 正在查找元素：('css selector', "[placeholder='请输入: 文章名称']")
2020-01-10 17:19:16,907 INFO [root] [base.py (base_input:29] - 正在执行清空操作
2020-01-10 17:19:16,936 INFO [root] [base.py (base_input:32] - 正在给 ('css selector', "[placeholder='请输入: 文章名称']") 元素 执行输入操作：bj-test17-003
2020-01-10 17:19:17,130 INFO [root] [base.py (base_find:18] - 正在查找元素：('css selector', "[placeholder='请输入: 频道']")
2020-01-10 17:19:17,147 INFO [root] [base.py (base_input:29] - 正在执行清空操作
2020-01-10 17:19:17,174 INFO [root] [base.py (base_input:32] - 正在给 ('css selector', "[placeholder='请输入: 频道']") 元素 执行输入操作：数据库
2020-01-10 17:19:17,246 INFO [root] [base.py (base_click:38] - 正在对 ('xpath', "//*[@placeholder='请选择状态']") 元素 执行点击操作
2020-01-10 17:19:17,246 INFO [root] [base.py (base_find:18] - 正在查找元素：('xpath', "//*[@placeholder='请选择状态']")
2020-01-10 17:19:19,338 INFO [root] [base.py (base_finds:22] - 正在查找元素：('css selector', 'ul>li')
2020-01-10 17:19:19,906 INFO [root] [base.py (base_click:38] - 正在对 ('css selector', '.find') 元素 执行点击操作
2020-01-10 17:19:19,906 INFO [root] [base.py (base_find:18] - 正在查找元素：('css selector', '.find')
2020-01-10 17:19:22,987 INFO [root] [base.py (base_find:18] - 正在查找元素：('css selector', '.cell>span')
2020-01-10 18:05:22,460 INFO [root] [base.py (__init__:13] - 正在初始化driver:<selenium.webdriver.chrome.webdriver.WebDriver (session="c6204cbb1e69a0af64d18df48d779490")>
2020-01-10 18:05:22,461 INFO [root] [base.py (base_find:18] - 正在查找元素：('css selector', "[placeholder='用户名']")
2020-01-10 18:05:22,477 INFO [root] [base.py (base_input:29] - 正在执行清空操作
2020-01-10 18:05:22,503 INFO [root] [base.py (base_input:32] - 正在给 ('css selector', "[placeholder='用户名']") 元素 执行输入操作：testid
2020-01-10 18:05:22,582 INFO [root] [base.py (base_find:18] - 正在查找元素：('css selector', "[placeholder='密码']")
2020-01-10 18:05:22,596 INFO [root] [base.py (base_input:29] - 正在执行清空操作
2020-01-10 18:05:22,618 INFO [root] [base.py (base_input:32] - 正在给 ('css selector', "[placeholder='密码']") 元素 执行输入操作：testpwd123
2020-01-10 18:05:22,696 INFO [root] [base.py (base_click:38] - 正在对 ('css selector', '#inp1') 元素 执行点击操作
2020-01-10 18:05:22,696 INFO [root] [base.py (base_find:18] - 正在查找元素：('css selector', '#inp1')
2020-01-10 18:05:22,761 INFO [root] [base.py (__init__:13] - 正在初始化driver:<selenium.webdriver.chrome.webdriver.WebDriver (session="c6204cbb1e69a0af64d18df48d779490")>
2020-01-10 18:05:24,763 INFO [root] [base.py (base_click:38] - 正在对 ('xpath', "//*[@class='menu']//*[text()='信息管理']") 元素 执行点击操作
2020-01-10 18:05:24,763 INFO [root] [base.py (base_find:18] - 正在查找元素：('xpath', "//*[@class='menu']//*[text()='信息管理']")
2020-01-10 18:05:26,841 INFO [root] [base.py (base_click:38] - 正在对 ('xpath', "//*[@class='menu']//*[text()= '内容审核']") 元素 执行点击操作
2020-01-10 18:05:26,841 INFO [root] [base.py (base_find:18] - 正在查找元素：('xpath', "//*[@class='menu']//*[text()= '内容审核']")
2020-01-10 18:05:26,984 INFO [root] [base.py (base_find:18] - 正在查找元素：('css selector', "[placeholder='请输入: 文章名称']")
2020-01-10 18:05:27,001 INFO [root] [base.py (base_input:29] - 正在执行清空操作
2020-01-10 18:05:27,028 INFO [root] [base.py (base_input:32] - 正在给 ('css selector', "[placeholder='请输入: 文章名称']") 元素 执行输入操作：bj-test17-003
2020-01-10 18:05:27,183 INFO [root] [base.py (base_find:18] - 正在查找元素：('css selector', "[placeholder='请输入: 频道']")
2020-01-10 18:05:27,196 INFO [root] [base.py (base_input:29] - 正在执行清空操作
2020-01-10 18:05:27,221 INFO [root] [base.py (base_input:32] - 正在给 ('css selector', "[placeholder='请输入: 频道']") 元素 执行输入操作：数据库
2020-01-10 18:05:27,284 INFO [root] [base.py (base_click:38] - 正在对 ('xpath', "//*[@placeholder='请选择状态']") 元素 执行点击操作
2020-01-10 18:05:27,284 INFO [root] [base.py (base_find:18] - 正在查找元素：('xpath', "//*[@placeholder='请选择状态']")
2020-01-10 18:05:29,433 INFO [root] [base.py (base_finds:22] - 正在查找元素：('css selector', 'ul>li')
2020-01-10 18:05:30,060 INFO [root] [base.py (base_click:38] - 正在对 ('css selector', '.find') 元素 执行点击操作
2020-01-10 18:05:30,061 INFO [root] [base.py (base_find:18] - 正在查找元素：('css selector', '.find')
2020-01-10 18:05:33,147 INFO [root] [base.py (base_find:18] - 正在查找元素：('css selector', '.cell>span')
2020-01-10 18:06:18,578 INFO [root] [base.py (__init__:13] - 正在初始化driver:<selenium.webdriver.chrome.webdriver.WebDriver (session="e1aa553946ab1f41fd5da3ad4a5fe199")>
2020-01-10 18:06:18,579 INFO [root] [base.py (base_find:18] - 正在查找元素：('css selector', "[placeholder='用户名']")
2020-01-10 18:06:18,601 INFO [root] [base.py (base_input:29] - 正在执行清空操作
2020-01-10 18:06:18,628 INFO [root] [base.py (base_input:32] - 正在给 ('css selector', "[placeholder='用户名']") 元素 执行输入操作：testid
2020-01-10 18:06:18,704 INFO [root] [base.py (base_find:18] - 正在查找元素：('css selector', "[placeholder='密码']")
2020-01-10 18:06:18,722 INFO [root] [base.py (base_input:29] - 正在执行清空操作
2020-01-10 18:06:18,749 INFO [root] [base.py (base_input:32] - 正在给 ('css selector', "[placeholder='密码']") 元素 执行输入操作：testpwd123
2020-01-10 18:06:18,823 INFO [root] [base.py (base_click:38] - 正在对 ('css selector', '#inp1') 元素 执行点击操作
2020-01-10 18:06:18,823 INFO [root] [base.py (base_find:18] - 正在查找元素：('css selector', '#inp1')
2020-01-10 18:06:18,891 INFO [root] [base.py (__init__:13] - 正在初始化driver:<selenium.webdriver.chrome.webdriver.WebDriver (session="e1aa553946ab1f41fd5da3ad4a5fe199")>
2020-01-10 18:06:20,893 INFO [root] [base.py (base_click:38] - 正在对 ('xpath', "//*[@class='menu']//*[text()='信息管理']") 元素 执行点击操作
2020-01-10 18:06:20,893 INFO [root] [base.py (base_find:18] - 正在查找元素：('xpath', "//*[@class='menu']//*[text()='信息管理']")
2020-01-10 18:06:22,979 INFO [root] [base.py (base_click:38] - 正在对 ('xpath', "//*[@class='menu']//*[text()= '内容审核']") 元素 执行点击操作
2020-01-10 18:06:22,979 INFO [root] [base.py (base_find:18] - 正在查找元素：('xpath', "//*[@class='menu']//*[text()= '内容审核']")
2020-01-10 18:06:23,117 INFO [root] [base.py (base_find:18] - 正在查找元素：('css selector', "[placeholder='请输入: 文章名称']")
2020-01-10 18:06:23,134 INFO [root] [base.py (base_input:29] - 正在执行清空操作
2020-01-10 18:06:23,159 INFO [root] [base.py (base_input:32] - 正在给 ('css selector', "[placeholder='请输入: 文章名称']") 元素 执行输入操作：bj-test17-003
2020-01-10 18:06:23,324 INFO [root] [base.py (base_find:18] - 正在查找元素：('css selector', "[placeholder='请输入: 频道']")
2020-01-10 18:06:23,338 INFO [root] [base.py (base_input:29] - 正在执行清空操作
2020-01-10 18:06:23,365 INFO [root] [base.py (base_input:32] - 正在给 ('css selector', "[placeholder='请输入: 频道']") 元素 执行输入操作：数据库
2020-01-10 18:06:23,435 INFO [root] [base.py (base_click:38] - 正在对 ('xpath', "//*[@placeholder='请选择状态']") 元素 执行点击操作
2020-01-10 18:06:23,435 INFO [root] [base.py (base_find:18] - 正在查找元素：('xpath', "//*[@placeholder='请选择状态']")
2020-01-10 18:06:25,591 INFO [root] [base.py (base_finds:22] - 正在查找元素：('css selector', 'ul>li')
2020-01-10 18:06:26,165 INFO [root] [base.py (base_click:38] - 正在对 ('css selector', '.find') 元素 执行点击操作
2020-01-10 18:06:26,165 INFO [root] [base.py (base_find:18] - 正在查找元素：('css selector', '.find')
2020-01-10 18:06:29,241 INFO [root] [base.py (base_find:18] - 正在查找元素：('css selector', '.cell>span')
2020-01-10 18:06:29,269 INFO [root] [base.py (base_get_text:43] - 正在获取('css selector', '.cell>span')元素文本值：1215575407059795968
2020-01-10 18:06:29,269 INFO [root] [base.py (base_find:18] - 正在查找元素：('css selector', '.cell>span')
2020-01-10 18:06:29,288 INFO [root] [base.py (base_click:38] - 正在对 ('xpath', "//*[text()='通过']/..") 元素 执行点击操作
2020-01-10 18:06:29,288 INFO [root] [base.py (base_find:18] - 正在查找元素：('xpath', "//*[text()='通过']/..")
2020-01-10 18:06:29,376 INFO [root] [base.py (base_click:38] - 正在对 ('css selector', '.el-button--primary') 元素 执行点击操作
2020-01-10 18:06:29,376 INFO [root] [base.py (base_find:18] - 正在查找元素：('css selector', '.el-button--primary')
2020-01-10 18:06:34,918 INFO [root] [base.py (base_find:18] - 正在查找元素：('css selector', "[placeholder='请输入: 文章名称']")
2020-01-10 18:06:34,929 INFO [root] [base.py (base_input:29] - 正在执行清空操作
2020-01-10 18:06:34,955 INFO [root] [base.py (base_input:32] - 正在给 ('css selector', "[placeholder='请输入: 文章名称']") 元素 执行输入操作：bj-test17-004
2020-01-10 18:06:35,127 INFO [root] [base.py (base_find:18] - 正在查找元素：('css selector', "[placeholder='请输入: 频道']")
2020-01-10 18:06:35,137 INFO [root] [base.py (base_input:29] - 正在执行清空操作
2020-01-10 18:06:35,162 INFO [root] [base.py (base_input:32] - 正在给 ('css selector', "[placeholder='请输入: 频道']") 元素 执行输入操作：数据库
2020-01-10 18:06:35,227 INFO [root] [base.py (base_click:38] - 正在对 ('xpath', "//*[@placeholder='请选择状态']") 元素 执行点击操作
2020-01-10 18:06:35,227 INFO [root] [base.py (base_find:18] - 正在查找元素：('xpath', "//*[@placeholder='请选择状态']")
2020-01-10 18:06:37,327 INFO [root] [base.py (base_finds:22] - 正在查找元素：('css selector', 'ul>li')
2020-01-10 18:06:37,930 INFO [root] [base.py (base_click:38] - 正在对 ('css selector', '.find') 元素 执行点击操作
2020-01-10 18:06:37,930 INFO [root] [base.py (base_find:18] - 正在查找元素：('css selector', '.find')
2020-01-10 18:06:40,995 INFO [root] [base.py (base_find:18] - 正在查找元素：('xpath', "//*[contains(text(),'1215575407059795968')]")
2020-01-10 18:06:44,069 ERROR [root] [test04_mis_audit.py (test_article_audit:43] - assert False
 +  where False = <bound method PageMisAudit.page_assert_success of <page.page_mis_audit.PageMisAudit object at 0x041C66F0>>(title='bj-test17-004', channel='数据库')
 +    where <bound method PageMisAudit.page_assert_success of <page.page_mis_audit.PageMisAudit object at 0x041C66F0>> = <page.page_mis_audit.PageMisAudit object at 0x041C66F0>.page_assert_success
 +      where <page.page_mis_audit.PageMisAudit object at 0x041C66F0> = <scripts.test04_mis_audit.TestMisAudit object at 0x041C6B50>.audit
2020-01-10 18:06:44,069 ERROR [root] [base.py (base_get_img:48] - 出现异常！正在截图操作
2020-01-10 18:06:44,445 ERROR [root] [base.py (__base_write_img:56] - 异常处理！正在截图写入报告
2020-01-10 18:07:46,245 INFO [root] [base.py (__init__:13] - 正在初始化driver:<selenium.webdriver.chrome.webdriver.WebDriver (session="329d461c9507b0691538475d873e1fcb")>
2020-01-10 18:07:46,245 INFO [root] [base.py (base_find:18] - 正在查找元素：('css selector', "[placeholder='用户名']")
2020-01-10 18:07:46,259 INFO [root] [base.py (base_input:29] - 正在执行清空操作
2020-01-10 18:07:46,285 INFO [root] [base.py (base_input:32] - 正在给 ('css selector', "[placeholder='用户名']") 元素 执行输入操作：testid
2020-01-10 18:07:46,369 INFO [root] [base.py (base_find:18] - 正在查找元素：('css selector', "[placeholder='密码']")
2020-01-10 18:07:46,386 INFO [root] [base.py (base_input:29] - 正在执行清空操作
2020-01-10 18:07:46,412 INFO [root] [base.py (base_input:32] - 正在给 ('css selector', "[placeholder='密码']") 元素 执行输入操作：testpwd123
2020-01-10 18:07:46,498 INFO [root] [base.py (base_click:38] - 正在对 ('css selector', '#inp1') 元素 执行点击操作
2020-01-10 18:07:46,498 INFO [root] [base.py (base_find:18] - 正在查找元素：('css selector', '#inp1')
2020-01-10 18:07:46,565 INFO [root] [base.py (__init__:13] - 正在初始化driver:<selenium.webdriver.chrome.webdriver.WebDriver (session="329d461c9507b0691538475d873e1fcb")>
2020-01-10 18:07:48,567 INFO [root] [base.py (base_click:38] - 正在对 ('xpath', "//*[@class='menu']//*[text()='信息管理']") 元素 执行点击操作
2020-01-10 18:07:48,567 INFO [root] [base.py (base_find:18] - 正在查找元素：('xpath', "//*[@class='menu']//*[text()='信息管理']")
2020-01-10 18:07:50,642 INFO [root] [base.py (base_click:38] - 正在对 ('xpath', "//*[@class='menu']//*[text()= '内容审核']") 元素 执行点击操作
2020-01-10 18:07:50,642 INFO [root] [base.py (base_find:18] - 正在查找元素：('xpath', "//*[@class='menu']//*[text()= '内容审核']")
2020-01-10 18:07:50,791 INFO [root] [base.py (base_find:18] - 正在查找元素：('css selector', "[placeholder='请输入: 文章名称']")
2020-01-10 18:07:50,806 INFO [root] [base.py (base_input:29] - 正在执行清空操作
2020-01-10 18:07:50,830 INFO [root] [base.py (base_input:32] - 正在给 ('css selector', "[placeholder='请输入: 文章名称']") 元素 执行输入操作：bj-test17-003
2020-01-10 18:07:50,984 INFO [root] [base.py (base_find:18] - 正在查找元素：('css selector', "[placeholder='请输入: 频道']")
2020-01-10 18:07:50,998 INFO [root] [base.py (base_input:29] - 正在执行清空操作
2020-01-10 18:07:51,022 INFO [root] [base.py (base_input:32] - 正在给 ('css selector', "[placeholder='请输入: 频道']") 元素 执行输入操作：数据库
2020-01-10 18:07:51,091 INFO [root] [base.py (base_click:38] - 正在对 ('xpath', "//*[@placeholder='请选择状态']") 元素 执行点击操作
2020-01-10 18:07:51,091 INFO [root] [base.py (base_find:18] - 正在查找元素：('xpath', "//*[@placeholder='请选择状态']")
2020-01-10 18:07:53,179 INFO [root] [base.py (base_finds:22] - 正在查找元素：('css selector', 'ul>li')
2020-01-10 18:07:53,767 INFO [root] [base.py (base_click:38] - 正在对 ('css selector', '.find') 元素 执行点击操作
2020-01-10 18:07:53,767 INFO [root] [base.py (base_find:18] - 正在查找元素：('css selector', '.find')
2020-01-10 18:07:56,849 INFO [root] [base.py (base_find:18] - 正在查找元素：('css selector', '.cell>span')
2020-01-10 18:07:56,875 INFO [root] [base.py (base_get_text:43] - 正在获取('css selector', '.cell>span')元素文本值：1215575445999714304
2020-01-10 18:07:56,875 INFO [root] [base.py (base_find:18] - 正在查找元素：('css selector', '.cell>span')
2020-01-10 18:07:56,894 INFO [root] [base.py (base_click:38] - 正在对 ('xpath', "//*[text()='通过']/..") 元素 执行点击操作
2020-01-10 18:07:56,895 INFO [root] [base.py (base_find:18] - 正在查找元素：('xpath', "//*[text()='通过']/..")
2020-01-10 18:07:56,984 INFO [root] [base.py (base_click:38] - 正在对 ('css selector', '.el-button--primary') 元素 执行点击操作
2020-01-10 18:07:56,984 INFO [root] [base.py (base_find:18] - 正在查找元素：('css selector', '.el-button--primary')
2020-01-10 18:08:02,564 INFO [root] [base.py (base_find:18] - 正在查找元素：('css selector', "[placeholder='请输入: 文章名称']")
2020-01-10 18:08:02,573 INFO [root] [base.py (base_input:29] - 正在执行清空操作
2020-01-10 18:08:02,601 INFO [root] [base.py (base_input:32] - 正在给 ('css selector', "[placeholder='请输入: 文章名称']") 元素 执行输入操作：bj-test17-004
2020-01-10 18:08:02,770 INFO [root] [base.py (base_find:18] - 正在查找元素：('css selector', "[placeholder='请输入: 频道']")
2020-01-10 18:08:02,779 INFO [root] [base.py (base_input:29] - 正在执行清空操作
2020-01-10 18:08:02,804 INFO [root] [base.py (base_input:32] - 正在给 ('css selector', "[placeholder='请输入: 频道']") 元素 执行输入操作：数据库
2020-01-10 18:08:02,861 INFO [root] [base.py (base_click:38] - 正在对 ('xpath', "//*[@placeholder='请选择状态']") 元素 执行点击操作
2020-01-10 18:08:02,861 INFO [root] [base.py (base_find:18] - 正在查找元素：('xpath', "//*[@placeholder='请选择状态']")
2020-01-10 18:08:04,958 INFO [root] [base.py (base_finds:22] - 正在查找元素：('css selector', 'ul>li')
2020-01-10 18:08:05,521 INFO [root] [base.py (base_click:38] - 正在对 ('css selector', '.find') 元素 执行点击操作
2020-01-10 18:08:05,521 INFO [root] [base.py (base_find:18] - 正在查找元素：('css selector', '.find')
2020-01-10 18:08:08,583 INFO [root] [base.py (base_find:18] - 正在查找元素：('xpath', "//*[contains(text(),'1215575445999714304')]")
2020-01-10 18:08:11,651 ERROR [root] [test04_mis_audit.py (test_article_audit:43] - assert False
 +  where False = <bound method PageMisAudit.page_assert_success of <page.page_mis_audit.PageMisAudit object at 0x04316710>>(title='bj-test17-004', channel='数据库')
 +    where <bound method PageMisAudit.page_assert_success of <page.page_mis_audit.PageMisAudit object at 0x04316710>> = <page.page_mis_audit.PageMisAudit object at 0x04316710>.page_assert_success
 +      where <page.page_mis_audit.PageMisAudit object at 0x04316710> = <scripts.test04_mis_audit.TestMisAudit object at 0x04316B70>.audit
2020-01-10 18:08:11,651 ERROR [root] [base.py (base_get_img:48] - 出现异常！正在截图操作
2020-01-10 18:08:12,069 ERROR [root] [base.py (__base_write_img:56] - 异常处理！正在截图写入报告
2020-01-10 18:09:15,884 INFO [root] [base.py (__init__:13] - 正在初始化driver:<selenium.webdriver.chrome.webdriver.WebDriver (session="1f2bedc88e755923ebfeb76b8aded04b")>
2020-01-10 18:09:15,885 INFO [root] [page_mp_login.py (page_mp_login_success:38] - 正在调用自媒体登录成功业务方法，用户名：13812345678 密码：246810
2020-01-10 18:09:15,885 INFO [root] [base.py (base_find:18] - 正在查找元素：('css selector', "[placeholder='请输入手机号']")
2020-01-10 18:09:15,901 INFO [root] [base.py (base_input:29] - 正在执行清空操作
2020-01-10 18:09:15,926 INFO [root] [base.py (base_input:32] - 正在给 ('css selector', "[placeholder='请输入手机号']") 元素 执行输入操作：13812345678
2020-01-10 18:09:16,042 INFO [root] [base.py (base_find:18] - 正在查找元素：('css selector', "[placeholder='验证码']")
2020-01-10 18:09:16,055 INFO [root] [base.py (base_input:29] - 正在执行清空操作
2020-01-10 18:09:16,080 INFO [root] [base.py (base_input:32] - 正在给 ('css selector', "[placeholder='验证码']") 元素 执行输入操作：246810
2020-01-10 18:09:16,163 INFO [root] [base.py (base_click:38] - 正在对 ('css selector', '.el-button--primary') 元素 执行点击操作
2020-01-10 18:09:16,163 INFO [root] [base.py (base_find:18] - 正在查找元素：('css selector', '.el-button--primary')
2020-01-10 18:09:16,237 INFO [root] [base.py (__init__:13] - 正在初始化driver:<selenium.webdriver.chrome.webdriver.WebDriver (session="1f2bedc88e755923ebfeb76b8aded04b")>
2020-01-10 18:09:18,238 INFO [root] [base.py (base_click:38] - 正在对 ('xpath', "//div[@class='menu-wrapper']//*[text()='内容管理']") 元素 执行点击操作
2020-01-10 18:09:18,238 INFO [root] [base.py (base_find:18] - 正在查找元素：('xpath', "//div[@class='menu-wrapper']//*[text()='内容管理']")
2020-01-10 18:09:19,303 INFO [root] [base.py (base_click:38] - 正在对 ('xpath', "//*[contains(text(),'发布文章')]") 元素 执行点击操作
2020-01-10 18:09:19,303 INFO [root] [base.py (base_find:18] - 正在查找元素：('xpath', "//*[contains(text(),'发布文章')]")
2020-01-10 18:09:19,407 INFO [root] [base.py (base_find:18] - 正在查找元素：('css selector', "[placeholder='文章名称']")
2020-01-10 18:09:19,936 INFO [root] [base.py (base_input:29] - 正在执行清空操作
2020-01-10 18:09:19,965 INFO [root] [base.py (base_input:32] - 正在给 ('css selector', "[placeholder='文章名称']") 元素 执行输入操作：bj-test17-003
2020-01-10 18:09:20,251 INFO [root] [base.py (base_find:18] - 正在查找元素：('css selector', '#publishTinymce_ifr')
2020-01-10 18:09:20,287 INFO [root] [base.py (base_find:18] - 正在查找元素：('css selector', '#tinymce')
2020-01-10 18:09:20,299 INFO [root] [base.py (base_input:29] - 正在执行清空操作
2020-01-10 18:09:20,319 INFO [root] [base.py (base_input:32] - 正在给 ('css selector', '#tinymce') 元素 执行输入操作：测试发布文章！
2020-01-10 18:09:20,440 INFO [root] [base.py (base_click:38] - 正在对 ('xpath', "//*[text()='自动']") 元素 执行点击操作
2020-01-10 18:09:20,440 INFO [root] [base.py (base_find:18] - 正在查找元素：('xpath', "//*[text()='自动']")
2020-01-10 18:09:20,523 INFO [root] [base.py (base_click:38] - 正在对 ('css selector', "[placeholder='请选择']") 元素 执行点击操作
2020-01-10 18:09:20,523 INFO [root] [base.py (base_find:18] - 正在查找元素：('css selector', "[placeholder='请选择']")
2020-01-10 18:09:21,617 INFO [root] [base.py (base_click:38] - 正在对 ('xpath', "//*[text()='数据库']") 元素 执行点击操作
2020-01-10 18:09:21,617 INFO [root] [base.py (base_find:18] - 正在查找元素：('xpath', "//*[text()='数据库']")
2020-01-10 18:09:21,704 INFO [root] [base.py (base_click:38] - 正在对 ('css selector', '.el-button.filter-item.el-button--primary') 元素 执行点击操作
2020-01-10 18:09:21,704 INFO [root] [base.py (base_find:18] - 正在查找元素：('css selector', '.el-button.filter-item.el-button--primary')
2020-01-10 18:09:21,787 INFO [root] [base.py (base_find:18] - 正在查找元素：('xpath', "//*[contains(text(),'成功')]")
2020-01-10 18:09:22,336 INFO [root] [base.py (base_get_text:43] - 正在获取('xpath', "//*[contains(text(),'成功')]")元素文本值：新增文章成功
2020-01-10 18:09:22,336 INFO [root] [base.py (base_find:18] - 正在查找元素：('xpath', "//*[contains(text(),'成功')]")
2020-01-10 18:09:42,321 INFO [root] [base.py (__init__:13] - 正在初始化driver:<selenium.webdriver.chrome.webdriver.WebDriver (session="e28c6a4660a1cdb449eb7d9ecc6e9d8f")>
2020-01-10 18:09:42,322 INFO [root] [base.py (base_find:18] - 正在查找元素：('css selector', "[placeholder='用户名']")
2020-01-10 18:09:42,337 INFO [root] [base.py (base_input:29] - 正在执行清空操作
2020-01-10 18:09:42,365 INFO [root] [base.py (base_input:32] - 正在给 ('css selector', "[placeholder='用户名']") 元素 执行输入操作：testid
2020-01-10 18:09:42,445 INFO [root] [base.py (base_find:18] - 正在查找元素：('css selector', "[placeholder='密码']")
2020-01-10 18:09:42,461 INFO [root] [base.py (base_input:29] - 正在执行清空操作
2020-01-10 18:09:42,487 INFO [root] [base.py (base_input:32] - 正在给 ('css selector', "[placeholder='密码']") 元素 执行输入操作：testpwd123
2020-01-10 18:09:42,565 INFO [root] [base.py (base_click:38] - 正在对 ('css selector', '#inp1') 元素 执行点击操作
2020-01-10 18:09:42,566 INFO [root] [base.py (base_find:18] - 正在查找元素：('css selector', '#inp1')
2020-01-10 18:09:42,625 INFO [root] [base.py (__init__:13] - 正在初始化driver:<selenium.webdriver.chrome.webdriver.WebDriver (session="e28c6a4660a1cdb449eb7d9ecc6e9d8f")>
2020-01-10 18:09:44,626 INFO [root] [base.py (base_click:38] - 正在对 ('xpath', "//*[@class='menu']//*[text()='信息管理']") 元素 执行点击操作
2020-01-10 18:09:44,626 INFO [root] [base.py (base_find:18] - 正在查找元素：('xpath', "//*[@class='menu']//*[text()='信息管理']")
2020-01-10 18:09:46,713 INFO [root] [base.py (base_click:38] - 正在对 ('xpath', "//*[@class='menu']//*[text()= '内容审核']") 元素 执行点击操作
2020-01-10 18:09:46,713 INFO [root] [base.py (base_find:18] - 正在查找元素：('xpath', "//*[@class='menu']//*[text()= '内容审核']")
2020-01-10 18:09:46,847 INFO [root] [base.py (base_find:18] - 正在查找元素：('css selector', "[placeholder='请输入: 文章名称']")
2020-01-10 18:09:46,864 INFO [root] [base.py (base_input:29] - 正在执行清空操作
2020-01-10 18:09:46,890 INFO [root] [base.py (base_input:32] - 正在给 ('css selector', "[placeholder='请输入: 文章名称']") 元素 执行输入操作：bj-test17-004
2020-01-10 18:09:47,048 INFO [root] [base.py (base_find:18] - 正在查找元素：('css selector', "[placeholder='请输入: 频道']")
2020-01-10 18:09:47,063 INFO [root] [base.py (base_input:29] - 正在执行清空操作
2020-01-10 18:09:47,087 INFO [root] [base.py (base_input:32] - 正在给 ('css selector', "[placeholder='请输入: 频道']") 元素 执行输入操作：数据库
2020-01-10 18:09:47,148 INFO [root] [base.py (base_click:38] - 正在对 ('xpath', "//*[@placeholder='请选择状态']") 元素 执行点击操作
2020-01-10 18:09:47,148 INFO [root] [base.py (base_find:18] - 正在查找元素：('xpath', "//*[@placeholder='请选择状态']")
2020-01-10 18:09:49,245 INFO [root] [base.py (base_finds:22] - 正在查找元素：('css selector', 'ul>li')
2020-01-10 18:09:49,814 INFO [root] [base.py (base_click:38] - 正在对 ('css selector', '.find') 元素 执行点击操作
2020-01-10 18:09:49,815 INFO [root] [base.py (base_find:18] - 正在查找元素：('css selector', '.find')
2020-01-10 18:09:52,893 INFO [root] [base.py (base_find:18] - 正在查找元素：('css selector', '.cell>span')
2020-01-10 18:09:52,921 INFO [root] [base.py (base_get_text:43] - 正在获取('css selector', '.cell>span')元素文本值：1215576079213789184
2020-01-10 18:09:52,921 INFO [root] [base.py (base_find:18] - 正在查找元素：('css selector', '.cell>span')
2020-01-10 18:09:52,938 INFO [root] [base.py (base_click:38] - 正在对 ('xpath', "//*[text()='通过']/..") 元素 执行点击操作
2020-01-10 18:09:52,938 INFO [root] [base.py (base_find:18] - 正在查找元素：('xpath', "//*[text()='通过']/..")
2020-01-10 18:09:53,013 INFO [root] [base.py (base_click:38] - 正在对 ('css selector', '.el-button--primary') 元素 执行点击操作
2020-01-10 18:09:53,013 INFO [root] [base.py (base_find:18] - 正在查找元素：('css selector', '.el-button--primary')
2020-01-10 18:09:58,089 INFO [root] [base.py (base_find:18] - 正在查找元素：('css selector', "[placeholder='请输入: 文章名称']")
2020-01-10 18:09:58,543 INFO [root] [base.py (base_input:29] - 正在执行清空操作
2020-01-10 18:09:58,573 INFO [root] [base.py (base_input:32] - 正在给 ('css selector', "[placeholder='请输入: 文章名称']") 元素 执行输入操作：bj-test17-004
2020-01-10 18:09:58,749 INFO [root] [base.py (base_find:18] - 正在查找元素：('css selector', "[placeholder='请输入: 频道']")
2020-01-10 18:09:58,759 INFO [root] [base.py (base_input:29] - 正在执行清空操作
2020-01-10 18:09:58,785 INFO [root] [base.py (base_input:32] - 正在给 ('css selector', "[placeholder='请输入: 频道']") 元素 执行输入操作：数据库
2020-01-10 18:09:58,847 INFO [root] [base.py (base_click:38] - 正在对 ('xpath', "//*[@placeholder='请选择状态']") 元素 执行点击操作
2020-01-10 18:09:58,847 INFO [root] [base.py (base_find:18] - 正在查找元素：('xpath', "//*[@placeholder='请选择状态']")
2020-01-10 18:10:00,945 INFO [root] [base.py (base_finds:22] - 正在查找元素：('css selector', 'ul>li')
2020-01-10 18:10:01,544 INFO [root] [base.py (base_click:38] - 正在对 ('css selector', '.find') 元素 执行点击操作
2020-01-10 18:10:01,545 INFO [root] [base.py (base_find:18] - 正在查找元素：('css selector', '.find')
2020-01-10 18:10:04,618 INFO [root] [base.py (base_find:18] - 正在查找元素：('xpath', "//*[contains(text(),'1215576079213789184')]")
